<?xml version="1.0" encoding="UTF-8"?>
<testsuite xmlns:xsi="http://www.w3.org/2001/XMLSchema-instance" xsi:noNamespaceSchemaLocation="https://maven.apache.org/surefire/maven-surefire-plugin/xsd/surefire-test-report-3.0.xsd" version="3.0" name="neu.edu.webapp.WebappApplicationTests" time="7.713" tests="1" errors="0" skipped="0" failures="0">
  <properties>
[...]
</properties>
  <testcase name="testDatabaseConnection" classname="neu.edu.webapp.WebappApplicationTests" time="1.07">
    <system-out><![CDATA[21:43:19.001 [main] INFO org.springframework.test.context.support.AnnotationConfigContextLoaderUtils -- Could not detect default configuration classes for test class [neu.edu.webapp.WebappApplicationTests]: WebappApplicationTests does not declare any static, non-private, non-final, nested classes annotated with @Configuration.
21:43:19.173 [main] INFO org.springframework.boot.test.context.SpringBootTestContextBootstrapper -- Found @SpringBootConfiguration neu.edu.webapp.WebappApplication for test class neu.edu.webapp.WebappApplicationTests

  .   ____          _            __ _ _
 /\\ / ___'_ __ _ _(_)_ __  __ _ \ \ \ \
( ( )\___ | '_ | '_| | '_ \/ _` | \ \ \ \
 \\/  ___)| |_)| | | | | || (_| |  ) ) ) )
  '  |____| .__|_| |_|_| |_\__, | / / / /
 =========|_|==============|___/=/_/_/_/
 :: Spring Boot ::                (v3.1.4)

2023-10-17T21:43:19.826-04:00  INFO 46032 --- [           main] neu.edu.webapp.WebappApplicationTests    : Starting WebappApplicationTests using Java 20.0.1 with PID 46032 (started by sangr in C:\Users\sangr\OneDrive - Northeastern University\Desktop\Redoing webapp\webapp)
2023-10-17T21:43:19.828-04:00  INFO 46032 --- [           main] neu.edu.webapp.WebappApplicationTests    : No active profile set, falling back to 1 default profile: "default"
2023-10-17T21:43:21.576-04:00  INFO 46032 --- [           main] o.s.b.w.embedded.tomcat.TomcatWebServer  : Tomcat initialized with port(s): 0 (http)
2023-10-17T21:43:21.592-04:00  INFO 46032 --- [           main] o.apache.catalina.core.StandardService   : Starting service [Tomcat]
2023-10-17T21:43:21.592-04:00  INFO 46032 --- [           main] o.apache.catalina.core.StandardEngine    : Starting Servlet engine: [Apache Tomcat/10.1.13]
2023-10-17T21:43:21.800-04:00  INFO 46032 --- [           main] o.a.c.c.C.[Tomcat].[localhost].[/]       : Initializing Spring embedded WebApplicationContext
2023-10-17T21:43:21.801-04:00  INFO 46032 --- [           main] w.s.c.ServletWebServerApplicationContext : Root WebApplicationContext: initialization completed in 1930 ms
2023-10-17T21:43:21.958-04:00  INFO 46032 --- [           main] org.hibernate.Version                    : HHH000412: Hibernate ORM core version 5.4.33.Final
2023-10-17T21:43:22.370-04:00  INFO 46032 --- [           main] o.hibernate.annotations.common.Version   : HCANN000001: Hibernate Commons Annotations {5.1.2.Final}
2023-10-17T21:43:22.580-04:00  WARN 46032 --- [           main] org.hibernate.orm.connections.pooling    : HHH10001002: Using Hibernate built-in connection pool (not for production use!)
2023-10-17T21:43:22.590-04:00  INFO 46032 --- [           main] org.hibernate.orm.connections.pooling    : HHH10001005: using driver [com.mysql.cj.jdbc.Driver] at URL [jdbc:mysql://localhost:3306/cloud?createDatabaseIfNotExist=true]
2023-10-17T21:43:22.591-04:00  INFO 46032 --- [           main] org.hibernate.orm.connections.pooling    : HHH10001001: Connection properties: {password=****, user=root}
2023-10-17T21:43:22.591-04:00  INFO 46032 --- [           main] org.hibernate.orm.connections.pooling    : HHH10001003: Autocommit mode: false
2023-10-17T21:43:22.596-04:00  INFO 46032 --- [           main] .c.i.DriverManagerConnectionProviderImpl : HHH000115: Hibernate connection pool size: 20 (min=1)
2023-10-17T21:43:23.274-04:00  INFO 46032 --- [           main] org.hibernate.dialect.Dialect            : HHH000400: Using dialect: org.hibernate.dialect.MySQL8Dialect
2023-10-17T21:43:24.292-04:00  INFO 46032 --- [           main] org.hibernate.orm.connections.access     : HHH10001501: Connection obtained from JdbcConnectionAccess [org.hibernate.engine.jdbc.env.internal.JdbcEnvironmentInitiator$ConnectionProviderJdbcConnectionAccess@3dd591b9] for (non-JTA) DDL execution was not in auto-commit mode; the Connection 'local transaction' will be committed and the Connection will be set into auto-commit mode.
Hibernate: select account0_.id as id1_0_, account0_.account_created as account_2_0_, account0_.account_updated as account_3_0_, account0_.email as email4_0_, account0_.first_name as first_na5_0_, account0_.last_name as last_nam6_0_, account0_.password as password7_0_ from Account account0_ where account0_.email=?
Hibernate: select account0_.id as id1_0_, account0_.account_created as account_2_0_, account0_.account_updated as account_3_0_, account0_.email as email4_0_, account0_.first_name as first_na5_0_, account0_.last_name as last_nam6_0_, account0_.password as password7_0_ from Account account0_ where account0_.email=?
Hibernate: select account0_.id as id1_0_, account0_.account_created as account_2_0_, account0_.account_updated as account_3_0_, account0_.email as email4_0_, account0_.first_name as first_na5_0_, account0_.last_name as last_nam6_0_, account0_.password as password7_0_ from Account account0_ where account0_.email=?
Hibernate: select account0_.id as id1_0_, account0_.account_created as account_2_0_, account0_.account_updated as account_3_0_, account0_.email as email4_0_, account0_.first_name as first_na5_0_, account0_.last_name as last_nam6_0_, account0_.password as password7_0_ from Account account0_ where account0_.email=?
2023-10-17T21:43:25.368-04:00  INFO 46032 --- [           main] o.s.b.w.embedded.tomcat.TomcatWebServer  : Tomcat started on port(s): 49735 (http) with context path ''
2023-10-17T21:43:25.377-04:00  INFO 46032 --- [           main] neu.edu.webapp.WebappApplicationTests    : Started WebappApplicationTests in 5.991 seconds (process running for 7.387)
2023-10-17T21:43:26.348-04:00  INFO 46032 --- [o-auto-1-exec-1] o.a.c.c.C.[Tomcat].[localhost].[/]       : Initializing Spring DispatcherServlet 'dispatcherServlet'
2023-10-17T21:43:26.349-04:00  INFO 46032 --- [o-auto-1-exec-1] o.s.web.servlet.DispatcherServlet        : Initializing Servlet 'dispatcherServlet'
2023-10-17T21:43:26.351-04:00  INFO 46032 --- [o-auto-1-exec-1] o.s.web.servlet.DispatcherServlet        : Completed initialization in 2 ms
Hibernate: SELECT 1
]]></system-out>
  </testcase>
</testsuite>