<?xml version="1.0" encoding="UTF-8"?>
<testsuite xmlns:xsi="http://www.w3.org/2001/XMLSchema-instance" xsi:noNamespaceSchemaLocation="https://maven.apache.org/surefire/maven-surefire-plugin/xsd/surefire-test-report-3.0.xsd" version="3.0" name="neu.edu.webapp.WebappApplicationTests" time="6.059" tests="1" errors="0" skipped="0" failures="0">
  <properties>
[...]
</properties>
  <testcase name="testDatabaseConnection" classname="neu.edu.webapp.WebappApplicationTests" time="0.961">
    <system-out><![CDATA[17:55:00.063 [main] INFO org.springframework.test.context.support.AnnotationConfigContextLoaderUtils -- Could not detect default configuration classes for test class [neu.edu.webapp.WebappApplicationTests]: WebappApplicationTests does not declare any static, non-private, non-final, nested classes annotated with @Configuration.
17:55:00.186 [main] INFO org.springframework.boot.test.context.SpringBootTestContextBootstrapper -- Found @SpringBootConfiguration neu.edu.webapp.WebappApplication for test class neu.edu.webapp.WebappApplicationTests

  .   ____          _            __ _ _
 /\\ / ___'_ __ _ _(_)_ __  __ _ \ \ \ \
( ( )\___ | '_ | '_| | '_ \/ _` | \ \ \ \
 \\/  ___)| |_)| | | | | || (_| |  ) ) ) )
  '  |____| .__|_| |_|_| |_\__, | / / / /
 =========|_|==============|___/=/_/_/_/
 :: Spring Boot ::                (v3.1.4)

2023-10-19T17:55:00.728-04:00  INFO 16600 --- [           main] neu.edu.webapp.WebappApplicationTests    : Starting WebappApplicationTests using Java 17.0.4.1 with PID 16600 (started by sangr in C:\Users\sangr\OneDrive - Northeastern University\Desktop\Github\webapp)
2023-10-19T17:55:00.729-04:00  INFO 16600 --- [           main] neu.edu.webapp.WebappApplicationTests    : No active profile set, falling back to 1 default profile: "default"
2023-10-19T17:55:02.231-04:00  INFO 16600 --- [           main] o.s.b.w.embedded.tomcat.TomcatWebServer  : Tomcat initialized with port(s): 0 (http)
2023-10-19T17:55:02.249-04:00  INFO 16600 --- [           main] o.apache.catalina.core.StandardService   : Starting service [Tomcat]
2023-10-19T17:55:02.249-04:00  INFO 16600 --- [           main] o.apache.catalina.core.StandardEngine    : Starting Servlet engine: [Apache Tomcat/10.1.13]
2023-10-19T17:55:02.397-04:00  INFO 16600 --- [           main] o.a.c.c.C.[Tomcat].[localhost].[/]       : Initializing Spring embedded WebApplicationContext
2023-10-19T17:55:02.398-04:00  INFO 16600 --- [           main] w.s.c.ServletWebServerApplicationContext : Root WebApplicationContext: initialization completed in 1641 ms
2023-10-19T17:55:02.570-04:00  INFO 16600 --- [           main] org.hibernate.Version                    : HHH000412: Hibernate ORM core version 5.4.33.Final
2023-10-19T17:55:02.884-04:00  INFO 16600 --- [           main] o.hibernate.annotations.common.Version   : HCANN000001: Hibernate Commons Annotations {5.1.2.Final}
2023-10-19T17:55:03.050-04:00  WARN 16600 --- [           main] org.hibernate.orm.connections.pooling    : HHH10001002: Using Hibernate built-in connection pool (not for production use!)
2023-10-19T17:55:03.060-04:00  INFO 16600 --- [           main] org.hibernate.orm.connections.pooling    : HHH10001005: using driver [com.mysql.cj.jdbc.Driver] at URL [jdbc:mysql://localhost:3306/cloud?createDatabaseIfNotExist=true]
2023-10-19T17:55:03.060-04:00  INFO 16600 --- [           main] org.hibernate.orm.connections.pooling    : HHH10001001: Connection properties: {password=****, user=root}
2023-10-19T17:55:03.060-04:00  INFO 16600 --- [           main] org.hibernate.orm.connections.pooling    : HHH10001003: Autocommit mode: false
2023-10-19T17:55:03.065-04:00  INFO 16600 --- [           main] .c.i.DriverManagerConnectionProviderImpl : HHH000115: Hibernate connection pool size: 20 (min=1)
2023-10-19T17:55:03.646-04:00  INFO 16600 --- [           main] org.hibernate.dialect.Dialect            : HHH000400: Using dialect: org.hibernate.dialect.MySQL8Dialect
2023-10-19T17:55:04.397-04:00  INFO 16600 --- [           main] org.hibernate.orm.connections.access     : HHH10001501: Connection obtained from JdbcConnectionAccess [org.hibernate.engine.jdbc.env.internal.JdbcEnvironmentInitiator$ConnectionProviderJdbcConnectionAccess@3580134d] for (non-JTA) DDL execution was not in auto-commit mode; the Connection 'local transaction' will be committed and the Connection will be set into auto-commit mode.
Could not read the CSV file
2023-10-19T17:55:04.920-04:00  INFO 16600 --- [           main] o.s.b.w.embedded.tomcat.TomcatWebServer  : Tomcat started on port(s): 50834 (http) with context path ''
2023-10-19T17:55:04.929-04:00  INFO 16600 --- [           main] neu.edu.webapp.WebappApplicationTests    : Started WebappApplicationTests in 4.535 seconds (process running for 5.724)
2023-10-19T17:55:05.731-04:00  INFO 16600 --- [o-auto-1-exec-1] o.a.c.c.C.[Tomcat].[localhost].[/]       : Initializing Spring DispatcherServlet 'dispatcherServlet'
2023-10-19T17:55:05.732-04:00  INFO 16600 --- [o-auto-1-exec-1] o.s.web.servlet.DispatcherServlet        : Initializing Servlet 'dispatcherServlet'
2023-10-19T17:55:05.733-04:00  INFO 16600 --- [o-auto-1-exec-1] o.s.web.servlet.DispatcherServlet        : Completed initialization in 1 ms
Hibernate: SELECT 1
]]></system-out>
  </testcase>
</testsuite>